<?xml version="1.0" encoding="UTF-8"?>
<!-- Generated by org.testng.reporters.JUnitReportReporter -->
<testsuite hostname="richasdys-MBP" name="com.richasdy.HelloTesting.TestNG.TestDBConnection" tests="4" failures="0" timestamp="11 Oct 2016 22:23:05 GMT" time="0.005" errors="0">
  <testcase name="runOtherTest2" time="0.001" classname="com.richasdy.HelloTesting.TestNG.TestDBConnection"/>
  <testcase name="runOtherTest1" time="0.002" classname="com.richasdy.HelloTesting.TestNG.TestDBConnection"/>
  <testcase name="runOtherTest1" time="0.001" classname="com.richasdy.HelloTesting.TestNG.TestDBConnection"/>
  <testcase name="runOtherTest2" time="0.001" classname="com.richasdy.HelloTesting.TestNG.TestDBConnection"/>
</testsuite> <!-- com.richasdy.HelloTesting.TestNG.TestDBConnection -->
