<?xml version="1.0" encoding="UTF-8"?>
<!-- Generated by org.testng.reporters.JUnitReportReporter -->
<testsuite hostname="richasdys-MBP" name="com.richasdy.HelloTesting.TestNG.TestGroup" tests="7" failures="0" timestamp="12 Oct 2016 09:40:54 GMT" time="0.010" errors="0">
  <testcase name="runSelenium" time="0.001" classname="com.richasdy.HelloTesting.TestNG.TestGroup"/>
  <testcase name="runSelenium" time="0.002" classname="com.richasdy.HelloTesting.TestNG.TestGroup"/>
  <testcase name="testConnectOracle" time="0.001" classname="com.richasdy.HelloTesting.TestNG.TestGroup"/>
  <testcase name="testConnectMsSQL" time="0.002" classname="com.richasdy.HelloTesting.TestNG.TestGroup"/>
  <testcase name="runFinal" time="0.001" classname="com.richasdy.HelloTesting.TestNG.TestGroup"/>
  <testcase name="runSelenium1" time="0.001" classname="com.richasdy.HelloTesting.TestNG.TestGroup"/>
  <testcase name="runSelenium1" time="0.002" classname="com.richasdy.HelloTesting.TestNG.TestGroup"/>
</testsuite> <!-- com.richasdy.HelloTesting.TestNG.TestGroup -->
