<?xml version="1.0" encoding="UTF-8"?>
<!-- Generated by org.testng.reporters.JUnitReportReporter -->
<testsuite hostname="richasdys-MacBook-Pro.local" name="com.richasdy.HelloTesting.TestNG.depedencyCase.TestServer" tests="2" failures="0" timestamp="12 Oct 2016 12:30:34 GMT" time="0.005" errors="0">
  <testcase name="initDB" time="0.003" classname="com.richasdy.HelloTesting.TestNG.depedencyCase.TestServer"/>
  <testcase name="testConnection" time="0.002" classname="com.richasdy.HelloTesting.TestNG.depedencyCase.TestServer"/>
</testsuite> <!-- com.richasdy.HelloTesting.TestNG.depedencyCase.TestServer -->
