<?xml version="1.0" encoding="UTF-8"?>
<!-- Generated by org.testng.reporters.JUnitReportReporter -->
<testsuite hostname="richasdys-MBP" name="com.richasdy.HelloTesting.TestNG.TestDatabase" tests="4" failures="0" timestamp="12 Oct 2016 13:20:32 GMT" time="0.015" errors="0">
  <testcase name="testConnectMongoDB" time="0.012" classname="com.richasdy.HelloTesting.TestNG.TestDatabase"/>
  <testcase name="testConnectMsSQL" time="0.001" classname="com.richasdy.HelloTesting.TestNG.TestDatabase"/>
  <testcase name="testConnectOracle" time="0.001" classname="com.richasdy.HelloTesting.TestNG.TestDatabase"/>
  <testcase name="testConnectMySQL" time="0.001" classname="com.richasdy.HelloTesting.TestNG.TestDatabase"/>
</testsuite> <!-- com.richasdy.HelloTesting.TestNG.TestDatabase -->
