<?xml version="1.0" encoding="UTF-8"?>
<!-- Generated by org.testng.reporters.JUnitReportReporter -->
<testsuite hostname="richasdys-MacBook-Pro.local" name="com.richasdy.HelloTesting.TestNG.Selenium.TestDriverLocation" tests="1" failures="0" timestamp="13 Oct 2016 03:32:46 GMT" time="6.474" errors="0">
  <testcase name="testSelenium" time="6.474" classname="com.richasdy.HelloTesting.TestNG.Selenium.TestDriverLocation"/>
</testsuite> <!-- com.richasdy.HelloTesting.TestNG.Selenium.TestDriverLocation -->
