<?xml version="1.0" encoding="UTF-8"?>
<!-- Generated by org.testng.reporters.JUnitReportReporter -->
<testsuite hostname="richasdys-MBP" name="com.richasdy.HelloTesting.TestNG.depedency.TestDatabase" tests="2" failures="0" timestamp="12 Oct 2016 11:16:02 GMT" time="0.013" errors="0">
  <testcase name="deployServer" time="0.011" classname="com.richasdy.HelloTesting.TestNG.depedency.TestDatabase"/>
  <testcase name="deployBackUpServer" time="0.002" classname="com.richasdy.HelloTesting.TestNG.depedency.TestDatabase"/>
</testsuite> <!-- com.richasdy.HelloTesting.TestNG.depedency.TestDatabase -->
