<?xml version="1.0" encoding="UTF-8"?>
<!-- Generated by org.testng.reporters.JUnitReportReporter -->
<testsuite hostname="richasdys-MacBook-Pro.local" name="com.richasdy.HelloTesting.TestNG.TestDatabase" tests="4" failures="0" timestamp="13 Oct 2016 02:30:18 GMT" time="0.017" errors="0">
  <testcase name="testConnectMySQL" time="0.001" classname="com.richasdy.HelloTesting.TestNG.TestDatabase"/>
  <testcase name="testConnectMongoDB" time="0.014" classname="com.richasdy.HelloTesting.TestNG.TestDatabase"/>
  <testcase name="testConnectOracle" time="0.001" classname="com.richasdy.HelloTesting.TestNG.TestDatabase"/>
  <testcase name="testConnectMsSQL" time="0.001" classname="com.richasdy.HelloTesting.TestNG.TestDatabase"/>
</testsuite> <!-- com.richasdy.HelloTesting.TestNG.TestDatabase -->
