<?xml version="1.0" encoding="UTF-8"?>
<!-- Generated by org.testng.reporters.JUnitReportReporter -->
<testsuite hostname="richasdys-MBP"
	name="com.richasdy.HelloTesting.TestNG.depedency.TestDepedency" tests="2"
	failures="0" timestamp="12 Oct 2016 11:15:54 GMT" time="0.018" errors="0">
	<testcase name="method1" time="0.015"
		classname="com.richasdy.HelloTesting.TestNG.depedency.TestDepedency" />
	<testcase name="method2" time="0.003"
		classname="com.richasdy.HelloTesting.TestNG.depedency.TestDepedency" />
</testsuite> <!-- com.richasdy.HelloTesting.TestNG.depedency.TestDepedency -->
