<?xml version="1.0" encoding="UTF-8"?>
<!-- Generated by org.testng.reporters.JUnitReportReporter -->
<testsuite hostname="richasdys-MBP" name="com.richasdy.HelloTesting.TestNG.depedencyCase.TestServer" tests="2" failures="0" timestamp="12 Oct 2016 11:19:17 GMT" time="0.003" errors="0">
  <testcase name="testConnection" time="0.002" classname="com.richasdy.HelloTesting.TestNG.depedencyCase.TestServer"/>
  <testcase name="initDB" time="0.001" classname="com.richasdy.HelloTesting.TestNG.depedencyCase.TestServer"/>
</testsuite> <!-- com.richasdy.HelloTesting.TestNG.depedencyCase.TestServer -->
