<?xml version="1.0" encoding="UTF-8"?>
<!-- Generated by org.testng.reporters.JUnitReportReporter -->
<testsuite hostname="richasdys-MBP" name="com.richasdy.HelloTesting.TestNG.TestHelloWorld" tests="1" failures="0" timestamp="11 Oct 2016 22:48:55 GMT" time="0.012" errors="0">
  <testcase name="testEmailGenerator" time="0.012" classname="com.richasdy.HelloTesting.TestNG.TestHelloWorld"/>
</testsuite> <!-- com.richasdy.HelloTesting.TestNG.TestHelloWorld -->
