<?xml version="1.0" encoding="UTF-8"?>
<!-- Generated by org.testng.reporters.JUnitReportReporter -->
<testsuite hostname="richasdys-MacBook-Pro.local" name="com.richasdy.HelloTesting.TestNG.Selenium.TestFirstCase" tests="1" failures="0" timestamp="13 Oct 2016 03:27:11 GMT" time="9.149" errors="0">
  <testcase name="test" time="9.149" classname="com.richasdy.HelloTesting.TestNG.Selenium.TestFirstCase"/>
</testsuite> <!-- com.richasdy.HelloTesting.TestNG.Selenium.TestFirstCase -->
