<?xml version="1.0" encoding="UTF-8"?>
<!-- Generated by org.testng.reporters.JUnitReportReporter -->
<testsuite hostname="richasdys-MBP" name="com.richasdy.HelloTesting.TestNG.TestConfiguration" tests="2" failures="0" timestamp="12 Oct 2016 13:20:47 GMT" time="0.011" errors="0">
  <testcase name="runTest2" time="0.001" classname="com.richasdy.HelloTesting.TestNG.TestConfiguration"/>
  <testcase name="runTest1" time="0.010" classname="com.richasdy.HelloTesting.TestNG.TestConfiguration"/>
</testsuite> <!-- com.richasdy.HelloTesting.TestNG.TestConfiguration -->
