<?xml version="1.0" encoding="UTF-8"?>
<!-- Generated by org.testng.reporters.JUnitReportReporter -->
<testsuite hostname="richasdys-MBP" name="com.richasdy.HelloTesting.TestNG.TestConfiguration" tests="2" failures="0" timestamp="11 Oct 2016 21:57:52 GMT" time="0.011" errors="0">
  <testcase name="runTest1" time="0.007" classname="com.richasdy.HelloTesting.TestNG.TestConfiguration"/>
  <testcase name="runTest2" time="0.004" classname="com.richasdy.HelloTesting.TestNG.TestConfiguration"/>
</testsuite> <!-- com.richasdy.HelloTesting.TestNG.TestConfiguration -->
