<?xml version="1.0" encoding="UTF-8"?>
<!-- Generated by org.testng.reporters.JUnitReportReporter -->
<testsuite hostname="richasdys-MacBook-Pro.local" name="com.richasdy.HelloTesting.TestNG.LoadTest.TestMultipleThreads" tests="4" failures="0" timestamp="13 Oct 2016 03:11:12 GMT" time="29.891" errors="0">
  <testcase name="loadTest" time="7.242" classname="com.richasdy.HelloTesting.TestNG.LoadTest.TestMultipleThreads"/>
  <testcase name="loadTest" time="7.777" classname="com.richasdy.HelloTesting.TestNG.LoadTest.TestMultipleThreads"/>
  <testcase name="loadTest" time="7.705" classname="com.richasdy.HelloTesting.TestNG.LoadTest.TestMultipleThreads"/>
  <testcase name="loadTest" time="7.167" classname="com.richasdy.HelloTesting.TestNG.LoadTest.TestMultipleThreads"/>
</testsuite> <!-- com.richasdy.HelloTesting.TestNG.LoadTest.TestMultipleThreads -->
