<?xml version="1.0" encoding="UTF-8"?>
<!-- Generated by org.testng.reporters.JUnitReportReporter -->
<testsuite hostname="richasdys-MacBook-Pro.local" name="com.richasdy.HelloTesting.TestNG.TestCheckedException" tests="2" failures="0" timestamp="12 Oct 2016 08:26:50 GMT" time="0.009" errors="0">
  <testcase name="throwIfOrderIsNull" time="0.002" classname="com.richasdy.HelloTesting.TestNG.TestCheckedException"/>
  <testcase name="throwIfOrderIsNotExists" time="0.007" classname="com.richasdy.HelloTesting.TestNG.TestCheckedException"/>
</testsuite> <!-- com.richasdy.HelloTesting.TestNG.TestCheckedException -->
