<?xml version="1.0" encoding="UTF-8"?>
<!-- Generated by org.testng.reporters.JUnitReportReporter -->
<testsuite hostname="richasdys-MBP" name="com.richasdy.HelloTesting.TestNG.depedency.TestdependsOnGroups" tests="2" failures="0" timestamp="12 Oct 2016 11:12:18 GMT" time="0.014" errors="0">
  <testcase name="deployServer" time="0.012" classname="com.richasdy.HelloTesting.TestNG.depedency.TestdependsOnGroups"/>
  <testcase name="deployBackUpServer" time="0.002" classname="com.richasdy.HelloTesting.TestNG.depedency.TestdependsOnGroups"/>
</testsuite> <!-- com.richasdy.HelloTesting.TestNG.depedency.TestdependsOnGroups -->
