<?xml version="1.0" encoding="UTF-8"?>
<!-- Generated by org.testng.reporters.JUnitReportReporter -->
<testsuite hostname="richasdys-MBP" name="com.richasdy.HelloTesting.TestNG.TestDBConnection" tests="4" failures="0" timestamp="12 Oct 2016 09:33:55 GMT" time="0.004" errors="0">
  <testcase name="runOtherTest1" time="0.001" classname="com.richasdy.HelloTesting.TestNG.TestDBConnection"/>
  <testcase name="runOtherTest2" time="0.001" classname="com.richasdy.HelloTesting.TestNG.TestDBConnection"/>
  <testcase name="runOtherTest2" time="0.001" classname="com.richasdy.HelloTesting.TestNG.TestDBConnection"/>
  <testcase name="runOtherTest1" time="0.001" classname="com.richasdy.HelloTesting.TestNG.TestDBConnection"/>
</testsuite> <!-- com.richasdy.HelloTesting.TestNG.TestDBConnection -->
