<?xml version="1.0" encoding="UTF-8"?>
<!-- Generated by org.testng.reporters.JUnitReportReporter -->
<testsuite hostname="richasdys-MacBook-Pro.local" name="com.richasdy.HelloTesting.TestNG.Selenium.TestSeleniumHQ" tests="2" failures="0" timestamp="13 Oct 2016 02:31:40 GMT" time="0.014" errors="0">
  <testcase name="testDownloadLinkExists" time="0.013" classname="com.richasdy.HelloTesting.TestNG.Selenium.TestSeleniumHQ"/>
  <testcase name="testTabsExist" time="0.001" classname="com.richasdy.HelloTesting.TestNG.Selenium.TestSeleniumHQ"/>
</testsuite> <!-- com.richasdy.HelloTesting.TestNG.Selenium.TestSeleniumHQ -->
