<?xml version="1.0" encoding="UTF-8"?>
<!-- Generated by org.testng.reporters.JUnitReportReporter -->
<testsuite hostname="richasdys-MBP" name="com.richasdy.HelloTesting.TestNG.TestParameterDataProviderITestContext" tests="1" failures="0" timestamp="12 Oct 2016 12:00:22 GMT" time="0.013" errors="0">
  <testcase name="test1" time="0.013" classname="com.richasdy.HelloTesting.TestNG.TestParameterDataProviderITestContext"/>
</testsuite> <!-- com.richasdy.HelloTesting.TestNG.TestParameterDataProviderITestContext -->
