<?xml version="1.0" encoding="UTF-8"?>
<!-- Generated by org.testng.reporters.JUnitReportReporter -->
<testsuite hostname="richasdys-MBP" name="com.richasdy.HelloTesting.TestNG.TestDatabase" tests="2" failures="0" timestamp="12 Oct 2016 09:43:55 GMT" time="0.003" errors="0">
  <testcase name="testConnectMsSQL" time="0.001" classname="com.richasdy.HelloTesting.TestNG.TestDatabase"/>
  <testcase name="testConnectOracle" time="0.002" classname="com.richasdy.HelloTesting.TestNG.TestDatabase"/>
</testsuite> <!-- com.richasdy.HelloTesting.TestNG.TestDatabase -->
