<?xml version="1.0" encoding="UTF-8"?>
<!-- Generated by org.testng.reporters.JUnitReportReporter -->
<testsuite hostname="richasdys-MBP"
	name="com.richasdy.HelloTesting.TestNG.TestParameterDataProviderMethod"
	tests="4" failures="0" timestamp="12 Oct 2016 11:56:44 GMT" time="0.018"
	errors="0">
	<testcase name="test1" time="0.012"
		classname="com.richasdy.HelloTesting.TestNG.TestParameterDataProviderMethod" />
	<testcase name="test1" time="0.002"
		classname="com.richasdy.HelloTesting.TestNG.TestParameterDataProviderMethod" />
	<testcase name="test2" time="0.002"
		classname="com.richasdy.HelloTesting.TestNG.TestParameterDataProviderMethod" />
	<testcase name="test2" time="0.002"
		classname="com.richasdy.HelloTesting.TestNG.TestParameterDataProviderMethod" />
</testsuite> <!-- com.richasdy.HelloTesting.TestNG.TestParameterDataProviderMethod -->
