<?xml version="1.0" encoding="UTF-8"?>
<!-- Generated by org.testng.reporters.JUnitReportReporter -->
<testsuite hostname="richasdys-MBP" name="com.richasdy.HelloTesting.TestNG.TestGroupClass" tests="4" failures="0" timestamp="12 Oct 2016 09:40:54 GMT" time="0.016" errors="0">
  <testcase name="runSelenium" time="0.011" classname="com.richasdy.HelloTesting.TestNG.TestGroupClass"/>
  <testcase name="runSelenium1" time="0.001" classname="com.richasdy.HelloTesting.TestNG.TestGroupClass"/>
  <testcase name="runSelenium1" time="0.003" classname="com.richasdy.HelloTesting.TestNG.TestGroupClass"/>
  <testcase name="runSelenium" time="0.001" classname="com.richasdy.HelloTesting.TestNG.TestGroupClass"/>
</testsuite> <!-- com.richasdy.HelloTesting.TestNG.TestGroupClass -->
