<?xml version="1.0" encoding="UTF-8"?>
<!-- Generated by org.testng.reporters.JUnitReportReporter -->
<testsuite hostname="richasdys-MBP"
	name="com.richasdy.HelloTesting.TestNG.TestRuntime" tests="1" failures="0"
	timestamp="11 Oct 2016 22:48:50 GMT" time="0.011" errors="0">
	<testcase name="divisionWithException" time="0.011"
		classname="com.richasdy.HelloTesting.TestNG.TestRuntime" />
</testsuite> <!-- com.richasdy.HelloTesting.TestNG.TestRuntime -->
