<?xml version="1.0" encoding="UTF-8"?>
<!-- Generated by org.testng.reporters.JUnitReportReporter -->
<testsuite hostname="richasdys-MBP"
	name="com.richasdy.HelloTesting.TestNG.TestHelloWorld" tests="1"
	failures="0" timestamp="12 Oct 2016 12:51:02 GMT" time="0.014" errors="0">
	<testcase name="testEmailGenerator" time="0.014"
		classname="com.richasdy.HelloTesting.TestNG.TestHelloWorld" />
</testsuite> <!-- com.richasdy.HelloTesting.TestNG.TestHelloWorld -->
