<?xml version="1.0" encoding="UTF-8"?>
<!-- Generated by org.testng.reporters.JUnitReportReporter -->
<testsuite hostname="richasdys-MBP"
	name="com.richasdy.HelloTesting.TestNG.TestOrder" tests="2" failures="0"
	timestamp="12 Oct 2016 09:43:55 GMT" time="0.008" errors="0">
	<testcase name="testUpdateOrder" time="0.002"
		classname="com.richasdy.HelloTesting.TestNG.TestOrder" />
	<testcase name="testMakeOrder" time="0.006"
		classname="com.richasdy.HelloTesting.TestNG.TestOrder" />
</testsuite> <!-- com.richasdy.HelloTesting.TestNG.TestOrder -->
