<?xml version="1.0" encoding="UTF-8"?>
<!-- Generated by org.testng.reporters.JUnitReportReporter -->
<testsuite hostname="richasdys-MBP"
	name="com.richasdy.HelloTesting.TestNG.TestParameterXML" tests="1"
	failures="0" timestamp="12 Oct 2016 11:44:05 GMT" time="0.287" errors="0">
	<testcase name="createConnection" time="0.287"
		classname="com.richasdy.HelloTesting.TestNG.TestParameterXML" />
</testsuite> <!-- com.richasdy.HelloTesting.TestNG.TestParameterXML -->
