<?xml version="1.0" encoding="UTF-8"?>
<!-- Generated by org.testng.reporters.JUnitReportReporter -->
<testsuite hostname="richasdys-MacBook-Pro.local"
	name="com.richasdy.HelloTesting.TestNG.depedencyCase.TestDatabase"
	tests="2" failures="0" timestamp="12 Oct 2016 12:30:34 GMT" time="0.012"
	errors="0">
	<testcase name="deployServer" time="0.010"
		classname="com.richasdy.HelloTesting.TestNG.depedencyCase.TestDatabase" />
	<testcase name="deployBackUpServer" time="0.002"
		classname="com.richasdy.HelloTesting.TestNG.depedencyCase.TestDatabase" />
</testsuite> <!-- com.richasdy.HelloTesting.TestNG.depedencyCase.TestDatabase -->
