<?xml version="1.0" encoding="UTF-8"?>
<!-- Generated by org.testng.reporters.JUnitReportReporter -->
<testsuite hostname="richasdys-MBP"
	name="com.richasdy.HelloTesting.TestNG.TestParameterDataProviderObject"
	tests="1" failures="0" timestamp="12 Oct 2016 11:48:35 GMT" time="0.011"
	errors="0">
	<testcase name="testConnection" time="0.011"
		classname="com.richasdy.HelloTesting.TestNG.TestParameterDataProviderObject" />
</testsuite> <!-- com.richasdy.HelloTesting.TestNG.TestParameterDataProviderObject -->
