<?xml version="1.0" encoding="UTF-8"?>
<!-- Generated by org.testng.reporters.JUnitReportReporter -->
<testsuite hostname="richasdys-MacBook-Pro.local"
	name="com.richasdy.HelloTesting.TestNG.TestIgnore" tests="2" failures="0"
	timestamp="12 Oct 2016 12:45:27 GMT" time="0.015" errors="0">
	<testcase name="test2" time="0.002"
		classname="com.richasdy.HelloTesting.TestNG.TestIgnore" />
	<testcase name="test1" time="0.013"
		classname="com.richasdy.HelloTesting.TestNG.TestIgnore" />
</testsuite> <!-- com.richasdy.HelloTesting.TestNG.TestIgnore -->
