<?xml version="1.0" encoding="UTF-8"?>
<!-- Generated by org.testng.reporters.JUnitReportReporter -->
<testsuite hostname="richasdys-MacBook-Pro.local"
	name="com.richasdy.HelloTesting.TestNG.TestParameterDataProviderITestContext"
	tests="1" failures="0" timestamp="12 Oct 2016 12:32:42 GMT" time="0.012"
	errors="0">
	<testcase name="test2" time="0.012"
		classname="com.richasdy.HelloTesting.TestNG.TestParameterDataProviderITestContext" />
</testsuite> <!-- com.richasdy.HelloTesting.TestNG.TestParameterDataProviderITestContext -->
