<?xml version="1.0" encoding="UTF-8"?>
<!-- Generated by org.testng.reporters.JUnitReportReporter -->
<testsuite hostname="richasdys-MBP" name="com.richasdy.HelloTesting.TestNG.TestConfiguration" tests="2" failures="0" timestamp="11 Oct 2016 22:23:42 GMT" time="0.012" errors="0">
  <testcase name="runTest1" time="0.009" classname="com.richasdy.HelloTesting.TestNG.TestConfiguration"/>
  <testcase name="runTest2" time="0.003" classname="com.richasdy.HelloTesting.TestNG.TestConfiguration"/>
</testsuite> <!-- com.richasdy.HelloTesting.TestNG.TestConfiguration -->
