<?xml version="1.0" encoding="UTF-8"?>
<!-- Generated by org.testng.reporters.JUnitReportReporter -->
<testsuite hostname="richasdys-MBP" name="com.richasdy.HelloTesting.TestNG.TestConfiguration" tests="2" failures="0" timestamp="12 Oct 2016 09:40:48 GMT" time="0.008" errors="0">
  <testcase name="runTest2" time="0.002" classname="com.richasdy.HelloTesting.TestNG.TestConfiguration"/>
  <testcase name="runTest1" time="0.006" classname="com.richasdy.HelloTesting.TestNG.TestConfiguration"/>
</testsuite> <!-- com.richasdy.HelloTesting.TestNG.TestConfiguration -->
