<?xml version="1.0" encoding="UTF-8"?>
<!-- Generated by org.testng.reporters.JUnitReportReporter -->
<testsuite hostname="richasdys-MBP" name="com.richasdy.HelloTesting.TestNG.TestInvocationCount" tests="20" failures="0" timestamp="12 Oct 2016 14:00:15 GMT" time="0.053" errors="0">
  <testcase name="repeatThis" time="0.001" classname="com.richasdy.HelloTesting.TestNG.TestInvocationCount"/>
  <testcase name="testThreadPools" time="0.002" classname="com.richasdy.HelloTesting.TestNG.TestInvocationCount"/>
  <testcase name="repeatThis" time="0.001" classname="com.richasdy.HelloTesting.TestNG.TestInvocationCount"/>
  <testcase name="testThreadPools" time="0.003" classname="com.richasdy.HelloTesting.TestNG.TestInvocationCount"/>
  <testcase name="repeatThis" time="0.001" classname="com.richasdy.HelloTesting.TestNG.TestInvocationCount"/>
  <testcase name="testThreadPools" time="0.001" classname="com.richasdy.HelloTesting.TestNG.TestInvocationCount"/>
  <testcase name="testThreadPools" time="0.002" classname="com.richasdy.HelloTesting.TestNG.TestInvocationCount"/>
  <testcase name="repeatThis" time="0.014" classname="com.richasdy.HelloTesting.TestNG.TestInvocationCount"/>
  <testcase name="repeatThis" time="0.002" classname="com.richasdy.HelloTesting.TestNG.TestInvocationCount"/>
  <testcase name="testThreadPools" time="0.011" classname="com.richasdy.HelloTesting.TestNG.TestInvocationCount"/>
  <testcase name="testThreadPools" time="0.001" classname="com.richasdy.HelloTesting.TestNG.TestInvocationCount"/>
  <testcase name="repeatThis" time="0.001" classname="com.richasdy.HelloTesting.TestNG.TestInvocationCount"/>
  <testcase name="testThreadPools" time="0.002" classname="com.richasdy.HelloTesting.TestNG.TestInvocationCount"/>
  <testcase name="testThreadPools" time="0.002" classname="com.richasdy.HelloTesting.TestNG.TestInvocationCount"/>
  <testcase name="repeatThis" time="0.002" classname="com.richasdy.HelloTesting.TestNG.TestInvocationCount"/>
  <testcase name="repeatThis" time="0.001" classname="com.richasdy.HelloTesting.TestNG.TestInvocationCount"/>
  <testcase name="repeatThis" time="0.001" classname="com.richasdy.HelloTesting.TestNG.TestInvocationCount"/>
  <testcase name="repeatThis" time="0.000" classname="com.richasdy.HelloTesting.TestNG.TestInvocationCount"/>
  <testcase name="testThreadPools" time="0.003" classname="com.richasdy.HelloTesting.TestNG.TestInvocationCount"/>
  <testcase name="testThreadPools" time="0.002" classname="com.richasdy.HelloTesting.TestNG.TestInvocationCount"/>
</testsuite> <!-- com.richasdy.HelloTesting.TestNG.TestInvocationCount -->
